0 info it worked if it ends with ok
1 verbose cli [ 'C:\\Program Files\\nodejs\\node.exe',
1 verbose cli   'C:\\Program Files\\nodejs\\node_modules\\npm\\bin\\npm-cli.js',
1 verbose cli   'run',
1 verbose cli   'build' ]
2 info using npm@3.10.10
3 info using node@v6.11.3
4 verbose run-script [ 'prebuild', 'build', 'postbuild' ]
5 info lifecycle vvk.loginservice@1.0.0~prebuild: vvk.loginservice@1.0.0
6 silly lifecycle vvk.loginservice@1.0.0~prebuild: no script for prebuild, continuing
7 info lifecycle vvk.loginservice@1.0.0~build: vvk.loginservice@1.0.0
8 verbose lifecycle vvk.loginservice@1.0.0~build: unsafe-perm in lifecycle true
9 verbose lifecycle vvk.loginservice@1.0.0~build: PATH: C:\Program Files\nodejs\node_modules\npm\bin\node-gyp-bin;D:\personal\nodeRestAPI\node_modules\.bin;C:\Program Files (x86)\Intel\iCLS Client\;C:\Program Files\Intel\iCLS Client\;C:\WINDOWS\system32;C:\WINDOWS;C:\WINDOWS\System32\Wbem;C:\WINDOWS\System32\WindowsPowerShell\v1.0\;C:\Program Files (x86)\Intel\Intel(R) Management Engine Components\DAL;C:\Program Files\Intel\Intel(R) Management Engine Components\DAL;C:\Program Files (x86)\Intel\Intel(R) Management Engine Components\IPT;C:\Program Files\Intel\Intel(R) Management Engine Components\IPT;C:\Program Files (x86)\Skype\Phone\;C:\Program Files\Microsoft SQL Server\130\Tools\Binn\;C:\Program Files\Microsoft SQL Server\Client SDK\ODBC\110\Tools\Binn\;C:\Program Files (x86)\Microsoft SQL Server\120\Tools\Binn\ManagementStudio\;C:\Program Files (x86)\Microsoft SQL Server\120\Tools\Binn\;C:\Program Files\Microsoft SQL Server\120\Tools\Binn\;C:\Program Files (x86)\Microsoft SQL Server\120\DTS\Binn\;C:\Users\vkulkarni\.dnx\bin;C:\Program Files\Microsoft DNX\Dnvm\;C:\Program Files\nodejs\;C:\Program Files\Git\cmd;C:\WINDOWS\System32\OpenSSH\;C:\Program Files\Microsoft VS Code\bin;C:\Program Files\dotnet\;C:\Program Files (x86)\dotnet\;C:\Users\vkulkarni\AppData\Local\Microsoft\WindowsApps;C:\Users\vkulkarni\AppData\Roaming\npm
10 verbose lifecycle vvk.loginservice@1.0.0~build: CWD: D:\personal\nodeRestAPI
11 silly lifecycle vvk.loginservice@1.0.0~build: Args: [ '/d /s /c',
11 silly lifecycle   'cross-env NODE_ENV=development node src/index.js' ]
12 silly lifecycle vvk.loginservice@1.0.0~build: Returned: code: 1  signal: null
13 info lifecycle vvk.loginservice@1.0.0~build: Failed to exec build script
14 verbose stack Error: vvk.loginservice@1.0.0 build: `cross-env NODE_ENV=development node src/index.js`
14 verbose stack Exit status 1
14 verbose stack     at EventEmitter.<anonymous> (C:\Program Files\nodejs\node_modules\npm\lib\utils\lifecycle.js:255:16)
14 verbose stack     at emitTwo (events.js:106:13)
14 verbose stack     at EventEmitter.emit (events.js:191:7)
14 verbose stack     at ChildProcess.<anonymous> (C:\Program Files\nodejs\node_modules\npm\lib\utils\spawn.js:40:14)
14 verbose stack     at emitTwo (events.js:106:13)
14 verbose stack     at ChildProcess.emit (events.js:191:7)
14 verbose stack     at maybeClose (internal/child_process.js:920:16)
14 verbose stack     at Process.ChildProcess._handle.onexit (internal/child_process.js:230:5)
15 verbose pkgid vvk.loginservice@1.0.0
16 verbose cwd D:\personal\nodeRestAPI
17 error Windows_NT 10.0.17134
18 error argv "C:\\Program Files\\nodejs\\node.exe" "C:\\Program Files\\nodejs\\node_modules\\npm\\bin\\npm-cli.js" "run" "build"
19 error node v6.11.3
20 error npm  v3.10.10
21 error code ELIFECYCLE
22 error vvk.loginservice@1.0.0 build: `cross-env NODE_ENV=development node src/index.js`
22 error Exit status 1
23 error Failed at the vvk.loginservice@1.0.0 build script 'cross-env NODE_ENV=development node src/index.js'.
23 error Make sure you have the latest version of node.js and npm installed.
23 error If you do, this is most likely a problem with the vvk.loginservice package,
23 error not with npm itself.
23 error Tell the author that this fails on your system:
23 error     cross-env NODE_ENV=development node src/index.js
23 error You can get information on how to open an issue for this project with:
23 error     npm bugs vvk.loginservice
23 error Or if that isn't available, you can get their info via:
23 error     npm owner ls vvk.loginservice
23 error There is likely additional logging output above.
24 verbose exit [ 1, true ]
